{"message":{},"level":"info","service":"user-service"}
{"level":"info","service":"user-service"}
{"level":"info","service":"user-service"}
{"level":"info","service":"user-service"}
{"message":{},"level":"info","service":"user-service"}
{"message":{},"level":"info","service":"user-service"}
{"message":{},"level":"info","service":"user-service"}
{"message":{},"level":"info","service":"user-service"}
{"message":{"firstName":"Paul","lastName":"Thompson","email":"mailto.prt@gmail.com"},"level":"info","service":"user-service"}
{"message":"Paul","level":"info","service":"user-service"}
{"message":"undefined9bYundefined&A^","level":"info","service":"user-service"}
{"message":"undefinedHwl@^C7","level":"info","service":"user-service"}
{"message":"undefined!T5*sB@","level":"info","service":"user-service"}
{"message":"tgtLeM5","level":"info","service":"user-service"}
{"message":"&n&3","level":"info","service":"user-service"}
{"message":"#opGr","level":"info","service":"user-service"}
{"message":"#XDAjwO","level":"info","service":"user-service"}
{"message":{"words":[1115837885,-1905689822,1738717182,-1171705331,2133715825,-532330343,1575936503,1138477203],"sigBytes":32},"level":"info","service":"user-service"}
{"message":{"words":[1115837885,-1905689822,1738717182,-1171705331,2133715825,-532330343,1575936503,1138477203],"sigBytes":32},"level":"info","service":"user-service"}
{"message":{"words":[1115837885,-1905689822,1738717182,-1171705331,2133715825,-532330343,1575936503,1138477203],"sigBytes":32},"level":"info","service":"user-service"}
{"message":[{"hash":{"firstName":"","lastName":"","email":"","generated":"","lastLogon":""}}],"level":"info","service":"user-service"}
{"message":1,"level":"info","service":"user-service"}
{"message":{"hash":{"firstName":"","lastName":"","email":"","generated":"","lastLogon":""}},"level":"info","service":"user-service"}
{"message":{"firstName":"","lastName":"","email":"","generated":"","lastLogon":""},"level":"info","service":"user-service"}
{"message":"","level":"info","service":"user-service"}
{"message":"Paul","level":"info","service":"user-service"}
{"message":"Paul","level":"info","service":"user-service"}
{"message":"#z6^klw","level":"info","service":"user-service"}
{"message":"Paul","level":"info","service":"user-service"}
{"message":"#fYgKRI","level":"info","service":"user-service"}
{"message":"Paul","level":"info","service":"user-service"}
{"message":"#mHE2zH","level":"info","service":"user-service"}
{"message":"Paul","level":"info","service":"user-service"}
{"message":"#mOt1OU","level":"info","service":"user-service"}
{"message":"Paul","level":"info","service":"user-service"}
{"message":"#f4Ay^F","level":"info","service":"user-service"}
{"message":"Paul","level":"info","service":"user-service"}
{"message":"#IMy$uV","level":"info","service":"user-service"}
{"message":"Paul","level":"info","service":"user-service"}
{"message":"#S3OOMh","level":"info","service":"user-service"}
{"message":"Paul","level":"info","service":"user-service"}
{"message":"#o5qTcP","level":"info","service":"user-service"}
{"message":"Paul","level":"info","service":"user-service"}
{"message":"#SJZ1A^","level":"info","service":"user-service"}
{"message":"Paul","level":"info","service":"user-service"}
{"message":"#geVYm0","level":"info","service":"user-service"}
{"message":"Paul","level":"info","service":"user-service"}
{"message":"#Q%qP&1","level":"info","service":"user-service"}
{"message":"Paul","level":"info","service":"user-service"}
{"message":"#8Uvxs%","level":"info","service":"user-service"}
{"message":"Paul","level":"info","service":"user-service"}
{"message":"#A$VVi!","level":"info","service":"user-service"}
{"message":"Paul","level":"info","service":"user-service"}
{"message":"#9H6o$C","level":"info","service":"user-service"}
{"message":"Paul","level":"info","service":"user-service"}
{"message":"#o500GM","level":"info","service":"user-service"}
{"message":"Paul","level":"info","service":"user-service"}
{"message":"#hF6fu^","level":"info","service":"user-service"}
{"message":"Paul","level":"info","service":"user-service"}
{"message":"#pcVQgh","level":"info","service":"user-service"}
{"message":"Paul","level":"info","service":"user-service"}
{"message":"#zy$bja","level":"info","service":"user-service"}
{"message":"Paul","level":"info","service":"user-service"}
{"message":"#kx45ln","level":"info","service":"user-service"}
{"message":"Paul","level":"info","service":"user-service"}
{"message":"#M4qixy","level":"info","service":"user-service"}
{"message":"Paul","level":"info","service":"user-service"}
{"message":"#VSZjDT","level":"info","service":"user-service"}
{"message":"Paul","level":"info","service":"user-service"}
{"message":"#uLVbpd","level":"info","service":"user-service"}
{"message":"Paul","level":"info","service":"user-service"}
{"message":"#Cao$XS","level":"info","service":"user-service"}
{"message":"Paul","level":"info","service":"user-service"}
{"message":"#TxJ%@X","level":"info","service":"user-service"}
{"service":"user-service","firstName":"Paul1","lastName":"Thompson1","lastLogon":"2020-08-27T01:30:13.603Z","email":"mailto.prt@gmail.com1","generated":"#!GD&yb","level":"info","message":"Updated users with "}
{"service":"user-service","firstName":"jim","lastName":"beam","lastLogon":"2020-08-27T01:32:46.810Z","email":"jb@email.com","generated":"#saFqVl","level":"info","message":"Updated users with "}
{"service":"user-service","firstName":"jim","lastName":"beam","lastLogon":"2020-08-27T01:40:38.687Z","email":"jb@email.com","generated":"#2$pfzq","level":"info","message":"Updated users with "}
{"service":"user-service","firstName":"jim","lastName":"beam","lastLogon":"2020-08-27T01:41:29.183Z","email":"jb@email.com","generated":"#s$LWfr","level":"info","message":"Updated users with "}
{"service":"user-service","firstName":"jim","lastName":"beam","lastLogon":"2020-08-27T01:43:58.437Z","email":"jb@email.com","generated":"#stEluB","level":"info","message":"Updated users with "}
{"service":"user-service","firstName":"jim","lastName":"beam","lastLogon":"2020-08-27T01:49:10.351Z","email":"jb@email.com","generated":"#qgYsRxm73e$sMoL","level":"info","message":"Updated users with "}
{"service":"user-service","firstName":"bob","lastName":"bean","lastLogon":"2020-08-27T21:06:56.513Z","email":"bean@bob.com","generated":"#W08aGoMM3DDgSVV","level":"info","message":"Updated users with "}
{"service":"user-service","firstName":"t","lastName":"i","email":"d@gmail.com","lastLogon":"2020-08-27T22:02:10.763Z","generated":"#Xs&FeNBZSFkjfeO","level":"info","message":"Updated users with "}
{"service":"user-service","firstName":"Paul","lastName":"Thompson","email":"mailto.prt@gmail.com","lastLogon":"2020-08-27T22:16:02.706Z","id":"#CdANzI3MvRZFG4n","level":"info","message":"Updated users with "}
{"service":"user-service","firstName":"p","lastName":"d","email":"d@gmail.com","lastLogon":"2020-08-27T22:35:03.308Z","id":"#brhYdd&xwWujs4@","level":"info","message":"Updated users with "}
{"service":"user-service","firstName":"p","lastName":"d","email":"d@gmail.com","lastLogon":"2020-08-27T22:35:12.608Z","id":"#brhYdd&xwWujs4@","level":"info","message":"Updated users with "}
